[2024-09-13 07:11:42] request.INFO: Matched route "admin_themes_enable". {"route":"admin_themes_enable","route_parameters":{"_route":"admin_themes_enable","_controller":"PrestaShop\\Module\\PsxDesign\\Controller\\Admin\\AdminPsxDesignThemeGeneralController::enableAction","_legacy_controller":"AdminThemes","_legacy_link":"AdminThemes:enableTheme","_legacy_parameters":{"theme_name":"themeName"},"themeName":"vt_interior_elements"},"request_uri":"http://localhost/prestashop/vt_interior_elements/admincp/index.php/modules/improve/design/vt_interior_elements/enable?_token=IjC0u0AdUwOGBVTt5261OqPZwe_PKhoqQ2-VrFVSA7k","method":"POST"} []
[2024-09-13 07:11:42] security.DEBUG: Read existing security token from the session. {"key":"_security_main","token_class":"Symfony\\Component\\Security\\Core\\Authentication\\Token\\UsernamePasswordToken"} []
[2024-09-13 07:11:42] security.DEBUG: User was reloaded from a user provider. {"provider":"PrestaShopBundle\\Security\\Admin\\EmployeeProvider","username":"demo@demo.com"} []
[2024-09-13 07:12:00] app.INFO: Protect vendor folder in module leoelements [] []
[2024-09-13 07:12:00] app.INFO: Module leoelements has no vendor folder [] []
[2024-09-13 07:12:02] app.INFO: Protect vendor folder in module ps_contactinfo [] []
[2024-09-13 07:12:02] app.INFO: Module ps_contactinfo has no vendor folder [] []
[2024-09-13 07:12:04] app.INFO: Protect vendor folder in module leobootstrapmenu [] []
[2024-09-13 07:12:04] app.INFO: Module leobootstrapmenu has no vendor folder [] []
[2024-09-13 07:12:06] app.INFO: Protect vendor folder in module leoslideshow [] []
[2024-09-13 07:12:06] app.INFO: Module leoslideshow has no vendor folder [] []
[2024-09-13 07:12:08] app.INFO: Protect vendor folder in module leoblog [] []
[2024-09-13 07:12:08] app.INFO: Module leoblog has no vendor folder [] []
[2024-09-13 07:12:10] app.INFO: Protect vendor folder in module leofeature [] []
[2024-09-13 07:12:10] app.INFO: Module leofeature has no vendor folder [] []
[2024-09-13 07:12:12] app.INFO: Protect vendor folder in module blockgrouptop [] []
[2024-09-13 07:12:12] app.INFO: Module blockgrouptop has no vendor folder [] []
[2024-09-13 07:12:14] app.INFO: Protect vendor folder in module leoquicklogin [] []
[2024-09-13 07:12:14] app.ERROR: Class "AdminLeoQuickLoginModuleController" not found in controllers/admin nor routing file [] []
[2024-09-13 07:12:16] app.INFO: Protect vendor folder in module leoproductsearch [] []
[2024-09-13 07:12:16] app.INFO: Module leoproductsearch has no vendor folder [] []
[2024-09-13 07:12:16] app.ERROR: Class "AdminLeoProductSearchModuleController" not found in controllers/admin nor routing file [] []
[2024-09-13 07:12:18] app.INFO: Protect vendor folder in module leogallery [] []
[2024-09-13 07:12:18] app.INFO: Module leogallery has no vendor folder [] []
[2024-09-13 07:12:20] app.INFO: Protect vendor folder in module leosizechart [] []
[2024-09-13 07:12:20] app.INFO: Module leosizechart has no vendor folder [] []
[2024-09-13 07:12:22] app.INFO: Protect vendor folder in module leoextratab [] []
[2024-09-13 07:12:22] app.INFO: Module leoextratab has no vendor folder [] []
[2024-09-13 07:12:24] app.INFO: Protect vendor folder in module leonextprevious [] []
[2024-09-13 07:12:24] app.INFO: Module leonextprevious has no vendor folder [] []
[2024-09-13 07:12:26] app.INFO: Protect vendor folder in module leopopupsale [] []
[2024-09-13 07:12:26] app.INFO: Module leopopupsale has no vendor folder [] []
[2024-09-13 07:12:32] security.DEBUG: Stored the security token in the session. {"key":"_security_main"} []
[2024-09-13 07:22:20] request.INFO: Matched route "admin_module_manage_action". {"route":"admin_module_manage_action","route_parameters":{"_route":"admin_module_manage_action","_controller":"PrestaShopBundle\\Controller\\Admin\\Improve\\ModuleController::moduleAction","action":"install","module_name":"leoproductsearch"},"request_uri":"http://localhost/prestashop/vt_interior_elements/admincp/index.php/improve/modules/manage/action/install/leoproductsearch?_token=IjC0u0AdUwOGBVTt5261OqPZwe_PKhoqQ2-VrFVSA7k","method":"POST"} []
[2024-09-13 07:22:20] security.DEBUG: Read existing security token from the session. {"key":"_security_main","token_class":"Symfony\\Component\\Security\\Core\\Authentication\\Token\\UsernamePasswordToken"} []
[2024-09-13 07:22:20] security.DEBUG: User was reloaded from a user provider. {"provider":"PrestaShopBundle\\Security\\Admin\\EmployeeProvider","username":"demo@demo.com"} []
[2024-09-13 07:22:21] app.INFO: Protect vendor folder in module leoproductsearch [] []
[2024-09-13 07:22:21] app.INFO: Module leoproductsearch has no vendor folder [] []
[2024-09-13 07:22:21] app.ERROR: Class "AdminLeoProductSearchModuleController" not found in controllers/admin nor routing file [] []
[2024-09-13 07:22:23] security.DEBUG: Stored the security token in the session. {"key":"_security_main"} []
